<?xml version="1.0" encoding="UTF-8"?>
<!-- Generated by org.testng.reporters.JUnitReportReporter -->
<testsuite skipped="0" hostname="PXTEST05" name="Reading_Properties_File.FaceBookLogin_______Utils_ReadProperities" tests="1" failures="0" timestamp="24 May 2018 08:06:13 GMT" time="12.584" errors="0">
  <testcase name="FaceBooklogin" time="12.584" classname="Reading_Properties_File.FaceBookLogin_______Utils_ReadProperities"/>
</testsuite> <!-- Reading_Properties_File.FaceBookLogin_______Utils_ReadProperities -->
