<?xml version="1.0" encoding="UTF-8"?>
<!-- Generated by org.testng.reporters.JUnitReportReporter -->
<testsuite skipped="0" hostname="DESKTOP-1TGL11O" name="ScrollTo.ScrollToXY" tests="1" failures="0" timestamp="02 Apr 2018 06:20:57 GMT" time="16.343" errors="0">
  <testcase name="Findxpath" time="16.343" classname="ScrollTo.ScrollToXY"/>
</testsuite> <!-- ScrollTo.ScrollToXY -->
