<?xml version="1.0" encoding="UTF-8"?>
<!-- Generated by org.testng.reporters.JUnitReportReporter -->
<testsuite skipped="0" hostname="PXTEST05" name="A3_Table.A3_4_2_HTML_GetAndPrint_TableValues" tests="1" failures="0" timestamp="22 Nov 2018 11:28:16 GMT" time="21.770" errors="0">
  <testcase name="GetAndPrint_TableValues" time="21.770" classname="A3_Table.A3_4_2_HTML_GetAndPrint_TableValues"/>
</testsuite> <!-- A3_Table.A3_4_2_HTML_GetAndPrint_TableValues -->
