<?xml version="1.0" encoding="UTF-8"?>
<!-- Generated by org.testng.reporters.JUnitReportReporter -->
<testsuite skipped="0" hostname="DESKTOP-8D7OLCP" name="A1_1_WebDriver.Headless_WebDriver___SilentMode" tests="1" failures="0" timestamp="30 Jan 2019 09:39:34 GMT" time="82.684" errors="0">
  <testcase name="Login" time="82.684" classname="A1_1_WebDriver.Headless_WebDriver___SilentMode"/>
</testsuite> <!-- A1_1_WebDriver.Headless_WebDriver___SilentMode -->
