<?xml version="1.0" encoding="UTF-8"?>
<!-- Generated by org.testng.reporters.JUnitReportReporter -->
<testsuite skipped="0" hostname="tokhi-pc" name="DataProvider_BasedOnTestCaseName____Sally.testcase1" tests="1" failures="0" timestamp="02 Jul 2019 10:00:41 GMT" time="16.785" errors="0">
  <testcase name="mmmm" time="16.785" classname="DataProvider_BasedOnTestCaseName____Sally.testcase1"/>
</testsuite> <!-- DataProvider_BasedOnTestCaseName____Sally.testcase1 -->
