<?xml version="1.0" encoding="UTF-8"?>
<!-- Generated by org.testng.reporters.JUnitReportReporter -->
<testsuite skipped="0" hostname="DESKTOP-1TGL11O" name="Run_By_CMD.DemoLoginUsingPOM_2" tests="1" failures="0" timestamp="24 Mar 2018 13:26:28 GMT" time="26.145" errors="0">
  <testcase name="testValidLogin" time="26.145" classname="Run_By_CMD.DemoLoginUsingPOM_2"/>
</testsuite> <!-- Run_By_CMD.DemoLoginUsingPOM_2 -->
