<?xml version="1.0" encoding="UTF-8"?>
<!-- Generated by org.testng.reporters.JUnitReportReporter -->
<testsuite skipped="0" hostname="DESKTOP-1TGL11O" name="ScrollTo.ScrollByPixels" tests="1" failures="0" timestamp="04 Apr 2018 04:40:55 GMT" time="12.310" errors="0">
  <testcase name="Scroll2Pixels" time="12.310" classname="ScrollTo.ScrollByPixels"/>
</testsuite> <!-- ScrollTo.ScrollByPixels -->
