<?xml version="1.0" encoding="UTF-8"?>
<!-- Generated by org.testng.reporters.JUnitReportReporter -->
<testsuite skipped="0" hostname="DESKTOP-1TGL11O" name="A2_TestNG.ScrollTo" tests="1" failures="0" timestamp="02 Apr 2018 06:09:17 GMT" time="12.637" errors="0">
  <testcase name="Findxpath" time="12.637" classname="A2_TestNG.ScrollTo"/>
</testsuite> <!-- A2_TestNG.ScrollTo -->
