<?xml version="1.0" encoding="UTF-8"?>
<!-- Generated by org.testng.reporters.JUnitReportReporter -->
<testsuite skipped="0" hostname="tokhi-pc" name="A80_CSV_To_Print.ReadCsv_PrintSpecificColumn___Using_CSVReader" tests="1" failures="0" timestamp="25 Dec 2019 11:12:12 GMT" time="0.027" errors="0">
  <testcase name="ReadCSV" time="0.027" classname="A80_CSV_To_Print.ReadCsv_PrintSpecificColumn___Using_CSVReader"/>
</testsuite> <!-- A80_CSV_To_Print.ReadCsv_PrintSpecificColumn___Using_CSVReader -->
