<?xml version="1.0" encoding="UTF-8"?>
<!-- Generated by org.testng.reporters.JUnitReportReporter -->
<testsuite skipped="0" hostname="DESKTOP-8D7OLCP" name="A5_ScrollTo_Using_JS.ScrollToElement" tests="1" failures="0" timestamp="03 Jan 2019 18:07:54 GMT" time="25.653" errors="0">
  <testcase name="Findxpath" time="25.653" classname="A5_ScrollTo_Using_JS.ScrollToElement"/>
</testsuite> <!-- A5_ScrollTo_Using_JS.ScrollToElement -->
