<?xml version="1.0" encoding="UTF-8"?>
<!-- Generated by org.testng.reporters.JUnitReportReporter -->
<testsuite skipped="0" hostname="DESKTOP-1TGL11O" name="A8_DDT_DataProvider.A8_1_SupperCalculator_DDT" tests="4" failures="0" timestamp="21 Apr 2018 20:03:14 GMT" time="55.643" errors="0">
  <testcase name="Calculator_TestCase" time="13.752" classname="A8_DDT_DataProvider.A8_1_SupperCalculator_DDT"/>
  <testcase name="Calculator_TestCase" time="13.196" classname="A8_DDT_DataProvider.A8_1_SupperCalculator_DDT"/>
  <testcase name="Calculator_TestCase" time="13.432" classname="A8_DDT_DataProvider.A8_1_SupperCalculator_DDT"/>
  <testcase name="Calculator_TestCase" time="15.263" classname="A8_DDT_DataProvider.A8_1_SupperCalculator_DDT"/>
</testsuite> <!-- A8_DDT_DataProvider.A8_1_SupperCalculator_DDT -->
