<?xml version="1.0" encoding="UTF-8"?>
<!-- Generated by org.testng.reporters.JUnitReportReporter -->
<testsuite skipped="0" hostname="DESKTOP-1TGL11O" name="TestNG.A1_HelloTestNG" tests="2" failures="0" timestamp="30 Mar 2018 15:35:12 GMT" time="0.032" errors="0">
  <testcase name="TestCase1" time="0.025" classname="TestNG.A1_HelloTestNG"/>
  <testcase name="TestCase2" time="0.007" classname="TestNG.A1_HelloTestNG"/>
</testsuite> <!-- TestNG.A1_HelloTestNG -->
