<?xml version="1.0" encoding="UTF-8"?>
<!-- Generated by org.testng.reporters.JUnitReportReporter -->
<testsuite skipped="0" hostname="DESKTOP-1TGL11O" name="test_DataProvider.MTest_1Provider" tests="4" failures="0" timestamp="12 Mar 2018 22:32:27 GMT" time="43.253" errors="0">
  <testcase name="testCalcParametrized2" time="11.049" classname="test_DataProvider.MTest_1Provider"/>
  <testcase name="testCalcParametrized2" time="10.611" classname="test_DataProvider.MTest_1Provider"/>
  <testcase name="testCalcParametrized" time="10.341" classname="test_DataProvider.MTest_1Provider"/>
  <testcase name="testCalcParametrized" time="11.252" classname="test_DataProvider.MTest_1Provider"/>
</testsuite> <!-- test_DataProvider.MTest_1Provider -->
