<?xml version="1.0" encoding="UTF-8"?>
<!-- Generated by org.testng.reporters.JUnitReportReporter -->
<testsuite skipped="0" hostname="DESKTOP-1TGL11O" name="Xml_By_Group.TestNg1stTrial" tests="1" failures="0" timestamp="18 Mar 2018 19:27:55 GMT" time="0.019" errors="0">
  <testcase name="testcase3" time="0.019" classname="Xml_By_Group.TestNg1stTrial"/>
</testsuite> <!-- Xml_By_Group.TestNg1stTrial -->
