<?xml version="1.0" encoding="UTF-8"?>
<!-- Generated by org.testng.reporters.JUnitReportReporter -->
<testsuite skipped="0" hostname="DESKTOP-1TGL11O" name="Assertion.Assert_visible" tests="1" failures="0" timestamp="12 Apr 2018 06:05:41 GMT" time="16.854" errors="0">
  <testcase name="Assert_Visiblility_Attribute" time="16.854" classname="Assertion.Assert_visible"/>
</testsuite> <!-- Assertion.Assert_visible -->
