<?xml version="1.0" encoding="UTF-8"?>
<!-- Generated by org.testng.reporters.JUnitReportReporter -->
<testsuite skipped="1" hostname="PXTEST05" name="A83_Excel_To_DProvider.Excel_To_DProvider" tests="1" failures="0" timestamp="29 Oct 2018 16:41:35 GMT" time="0.000" errors="0">
  <testcase name="TestCalcParamitarized" time="0.000" classname="A83_Excel_To_DProvider.Excel_To_DProvider">
    <skipped/>
  </testcase> <!-- TestCalcParamitarized -->
</testsuite> <!-- A83_Excel_To_DProvider.Excel_To_DProvider -->
