<?xml version="1.0" encoding="UTF-8"?>
<!-- Generated by org.testng.reporters.JUnitReportReporter -->
<testsuite skipped="0" hostname="DESKTOP-1TGL11O" name="ReadFromCsv.ReadCsv" tests="1" failures="0" timestamp="29 Apr 2018 20:49:35 GMT" time="0.027" errors="0">
  <testcase name="Read_CSV_File" time="0.027" classname="ReadFromCsv.ReadCsv"/>
</testsuite> <!-- ReadFromCsv.ReadCsv -->
