<?xml version="1.0" encoding="UTF-8"?>
<!-- Generated by org.testng.reporters.JUnitReportReporter -->
<testsuite skipped="0" hostname="tokhi-pc" name="A6_Actions.DragAndDrop_Action" tests="1" failures="0" timestamp="14 Jul 2019 08:28:17 GMT" time="7.770" errors="0">
  <testcase name="DragAndDrop" time="7.770" classname="A6_Actions.DragAndDrop_Action"/>
</testsuite> <!-- A6_Actions.DragAndDrop_Action -->
