<?xml version="1.0" encoding="UTF-8"?>
<!-- Generated by org.testng.reporters.JUnitReportReporter -->
<testsuite skipped="0" hostname="DESKTOP-1TGL11O" name="TestNG_DataProvider.MTest_MProvider" tests="4" failures="0" timestamp="18 Mar 2018 21:10:10 GMT" time="40.326" errors="0">
  <testcase name="testCalcParametrized2" time="9.498" classname="TestNG_DataProvider.MTest_MProvider"/>
  <testcase name="testCalcParametrized2" time="9.975" classname="TestNG_DataProvider.MTest_MProvider"/>
  <testcase name="testCalcParametrized" time="9.821" classname="TestNG_DataProvider.MTest_MProvider"/>
  <testcase name="testCalcParametrized" time="11.032" classname="TestNG_DataProvider.MTest_MProvider"/>
</testsuite> <!-- TestNG_DataProvider.MTest_MProvider -->
