<?xml version="1.0" encoding="UTF-8"?>
<!-- Generated by org.testng.reporters.JUnitReportReporter -->
<testsuite skipped="0" hostname="DESKTOP-1TGL11O" name="TestNG.Calculator_DDT_DataProvider" tests="4" failures="0" timestamp="03 Mar 2018 19:11:21 GMT" time="84.184" errors="0">
  <testcase name="TestCalcParamitarized" time="20.585" classname="TestNG.Calculator_DDT_DataProvider"/>
  <testcase name="TestCalcParamitarized" time="19.023" classname="TestNG.Calculator_DDT_DataProvider"/>
  <testcase name="TestCalcParamitarized" time="27.094" classname="TestNG.Calculator_DDT_DataProvider"/>
  <testcase name="TestCalcParamitarized" time="17.482" classname="TestNG.Calculator_DDT_DataProvider"/>
</testsuite> <!-- TestNG.Calculator_DDT_DataProvider -->
