<?xml version="1.0" encoding="UTF-8"?>
<!-- Generated by org.testng.reporters.JUnitReportReporter -->
<testsuite skipped="0" hostname="DESKTOP-1TGL11O" name="Assertion.Assertion" tests="1" failures="0" timestamp="02 Apr 2018 04:40:02 GMT" time="17.142" errors="0">
  <testcase name="TestCase1" time="17.142" classname="Assertion.Assertion"/>
</testsuite> <!-- Assertion.Assertion -->
