<?xml version="1.0" encoding="UTF-8"?>
<!-- Generated by org.testng.reporters.JUnitReportReporter -->
<testsuite skipped="0" hostname="PXTEST05" name="A80_CSV_To_Print.ReadCsv_Print_AllInArray" tests="1" failures="0" timestamp="19 Nov 2018 08:53:18 GMT" time="0.018" errors="0">
  <testcase name="Read_CSV_File" time="0.018" classname="A80_CSV_To_Print.ReadCsv_Print_AllInArray"/>
</testsuite> <!-- A80_CSV_To_Print.ReadCsv_Print_AllInArray -->
