<?xml version="1.0" encoding="UTF-8"?>
<!-- Generated by org.testng.reporters.JUnitReportReporter -->
<testsuite skipped="0" hostname="tokhi-pc" name="A6_Actions.Compound_Action" tests="1" failures="0" timestamp="14 Jul 2019 08:26:46 GMT" time="6.214" errors="0">
  <testcase name="MouseHoverandClick" time="6.214" classname="A6_Actions.Compound_Action"/>
</testsuite> <!-- A6_Actions.Compound_Action -->
