<?xml version="1.0" encoding="UTF-8"?>
<!-- Generated by org.testng.reporters.JUnitReportReporter -->
<testsuite skipped="0" hostname="DESKTOP-1TGL11O" name="A5_Actions.CompoundAction" tests="1" failures="0" timestamp="04 Apr 2018 06:47:24 GMT" time="42.305" errors="0">
  <testcase name="MouseHoverandClick" time="42.305" classname="A5_Actions.CompoundAction"/>
</testsuite> <!-- A5_Actions.CompoundAction -->
