<?xml version="1.0" encoding="UTF-8"?>
<!-- Generated by org.testng.reporters.JUnitReportReporter -->
<testsuite skipped="0" hostname="DESKTOP-1TGL11O" name="A7_POM.A7_3_LoginPOM_TestCase" tests="1" failures="0" timestamp="20 Apr 2018 14:28:02 GMT" time="13.701" errors="0">
  <testcase name="Login_Add_newPost" time="13.701" classname="A7_POM.A7_3_LoginPOM_TestCase"/>
</testsuite> <!-- A7_POM.A7_3_LoginPOM_TestCase -->
