<?xml version="1.0" encoding="UTF-8"?>
<!-- Generated by org.testng.reporters.JUnitReportReporter -->
<testsuite skipped="0" hostname="DESKTOP-1TGL11O" name="A2_TestNG.A2_8_HTML_TableElement" tests="1" failures="0" timestamp="08 Apr 2018 22:30:08 GMT" time="17.631" errors="0">
  <testcase name="HTML_Table" time="17.631" classname="A2_TestNG.A2_8_HTML_TableElement"/>
</testsuite> <!-- A2_TestNG.A2_8_HTML_TableElement -->
