<?xml version="1.0" encoding="UTF-8"?>
<!-- Generated by org.testng.reporters.JUnitReportReporter -->
<testsuite skipped="0" hostname="DESKTOP-1TGL11O" name="A1_WebDriver.WebDriverConfiguration2" tests="1" failures="0" timestamp="30 Mar 2018 19:11:47 GMT" time="22.991" errors="0">
  <testcase name="Login" time="22.991" classname="A1_WebDriver.WebDriverConfiguration2"/>
</testsuite> <!-- A1_WebDriver.WebDriverConfiguration2 -->
