<?xml version="1.0" encoding="UTF-8"?>
<!-- Generated by org.testng.reporters.JUnitReportReporter -->
<testsuite skipped="0" hostname="DESKTOP-1TGL11O" name="TestNG.A2_TestNGSelenium" tests="1" failures="0" timestamp="30 Mar 2018 14:53:33 GMT" time="15.575" errors="0">
  <testcase name="TestCase1" time="15.575" classname="TestNG.A2_TestNGSelenium"/>
</testsuite> <!-- TestNG.A2_TestNGSelenium -->
