<?xml version="1.0" encoding="UTF-8"?>
<!-- Generated by org.testng.reporters.JUnitReportReporter -->
<testsuite skipped="0" hostname="DESKTOP-8D7OLCP" name="UploadFile.UploadFileDemo" tests="1" failures="0" timestamp="03 Jan 2019 18:35:48 GMT" time="8.274" errors="0">
  <testcase name="uploadW3schools" time="8.274" classname="UploadFile.UploadFileDemo"/>
</testsuite> <!-- UploadFile.UploadFileDemo -->
