<?xml version="1.0" encoding="UTF-8"?>
<!-- Generated by org.testng.reporters.JUnitReportReporter -->
<testsuite skipped="0" hostname="PXTEST05" name="A1_2_RemoteNode.A2_RemoteNodeConnection____Parallel" tests="2" failures="0" timestamp="06 Nov 2018 11:54:42 GMT" time="106.828" errors="0">
  <testcase name="FaceBook_Login" time="47.139" classname="A1_2_RemoteNode.A2_RemoteNodeConnection____Parallel"/>
  <testcase name="FaceBook_Login" time="59.689" classname="A1_2_RemoteNode.A2_RemoteNodeConnection____Parallel"/>
</testsuite> <!-- A1_2_RemoteNode.A2_RemoteNodeConnection____Parallel -->
