<?xml version="1.0" encoding="UTF-8"?>
<!-- Generated by org.testng.reporters.JUnitReportReporter -->
<testsuite skipped="0" hostname="tokhi-pc" name="A4_Select.A4_2_2_Get_The_Selected_Value" tests="1" failures="0" timestamp="02 Jun 2019 14:20:07 GMT" time="11.750" errors="0">
  <testcase name="testselect" time="11.750" classname="A4_Select.A4_2_2_Get_The_Selected_Value"/>
</testsuite> <!-- A4_Select.A4_2_2_Get_The_Selected_Value -->
