<?xml version="1.0" encoding="UTF-8"?>
<!-- Generated by org.testng.reporters.JUnitReportReporter -->
<testsuite skipped="0" hostname="DESKTOP-1TGL11O" name="POM.POM_for_WordPressPost" tests="1" failures="0" timestamp="17 Apr 2018 20:49:58 GMT" time="15.462" errors="0">
  <testcase name="login_ValidUser" time="15.462" classname="POM.POM_for_WordPressPost"/>
</testsuite> <!-- POM.POM_for_WordPressPost -->
