<?xml version="1.0" encoding="UTF-8"?>
<!-- Generated by org.testng.reporters.JUnitReportReporter -->
<testsuite skipped="0" hostname="DESKTOP-1TGL11O" name="A5_Actions.DragAndDrop_Action" tests="1" failures="0" timestamp="07 Apr 2018 10:13:48 GMT" time="15.521" errors="0">
  <testcase name="DragAndDrop" time="15.521" classname="A5_Actions.DragAndDrop_Action"/>
</testsuite> <!-- A5_Actions.DragAndDrop_Action -->
