<?xml version="1.0" encoding="UTF-8"?>
<!-- Generated by org.testng.reporters.JUnitReportReporter -->
<testsuite skipped="0" hostname="DESKTOP-1TGL11O" name="test_DataProvider.MTest_MProvider" tests="4" failures="0" timestamp="12 Mar 2018 22:44:03 GMT" time="44.244" errors="0">
  <testcase name="testCalcParametrized2" time="10.640" classname="test_DataProvider.MTest_MProvider"/>
  <testcase name="testCalcParametrized2" time="10.912" classname="test_DataProvider.MTest_MProvider"/>
  <testcase name="testCalcParametrized" time="10.722" classname="test_DataProvider.MTest_MProvider"/>
  <testcase name="testCalcParametrized" time="11.970" classname="test_DataProvider.MTest_MProvider"/>
</testsuite> <!-- test_DataProvider.MTest_MProvider -->
