<?xml version="1.0" encoding="UTF-8"?>
<!-- Generated by org.testng.reporters.JUnitReportReporter -->
<testsuite skipped="0" hostname="DESKTOP-1TGL11O" name="ReadFromCsv.Read" tests="1" failures="0" timestamp="29 Apr 2018 22:06:19 GMT" time="0.037" errors="0">
  <testcase name="ReadCSV" time="0.037" classname="ReadFromCsv.Read"/>
</testsuite> <!-- ReadFromCsv.Read -->
