<?xml version="1.0" encoding="UTF-8"?>
<!-- Generated by org.testng.reporters.JUnitReportReporter -->
<testsuite skipped="0" hostname="DESKTOP-1TGL11O" name="Assertion.A5_Driver_SearchMechanism" tests="1" failures="0" timestamp="02 Apr 2018 04:04:57 GMT" time="19.934" errors="0">
  <testcase name="TestCase1" time="19.934" classname="Assertion.A5_Driver_SearchMechanism"/>
</testsuite> <!-- Assertion.A5_Driver_SearchMechanism -->
