<?xml version="1.0" encoding="UTF-8"?>
<!-- Generated by org.testng.reporters.JUnitReportReporter -->
<testsuite skipped="0" hostname="DESKTOP-1TGL11O" name="Run_By_CMD.DemoLoginUsingPOM_1" tests="1" failures="0" timestamp="24 Mar 2018 13:27:46 GMT" time="9.416" errors="0">
  <testcase name="testValidLogin" time="9.416" classname="Run_By_CMD.DemoLoginUsingPOM_1"/>
</testsuite> <!-- Run_By_CMD.DemoLoginUsingPOM_1 -->
