<?xml version="1.0" encoding="UTF-8"?>
<!-- Generated by org.testng.reporters.JUnitReportReporter -->
<testsuite skipped="0" hostname="DESKTOP-1TGL11O" name="Xml_Parallel.Supper_Calculator" tests="8" failures="0" timestamp="21 Apr 2018 21:17:11 GMT" time="235.360" errors="0">
  <testcase name="PlusOperator" time="14.962" classname="Xml_Parallel.Supper_Calculator"/>
  <testcase name="MinusOperator" time="54.080" classname="Xml_Parallel.Supper_Calculator"/>
  <testcase name="PlusOperator" time="23.745" classname="Xml_Parallel.Supper_Calculator"/>
  <testcase name="multiplyOperator" time="27.824" classname="Xml_Parallel.Supper_Calculator"/>
  <testcase name="DeviationOperator" time="31.868" classname="Xml_Parallel.Supper_Calculator"/>
  <testcase name="multiplyOperator" time="32.382" classname="Xml_Parallel.Supper_Calculator"/>
  <testcase name="DeviationOperator" time="26.643" classname="Xml_Parallel.Supper_Calculator"/>
  <testcase name="MinusOperator" time="23.856" classname="Xml_Parallel.Supper_Calculator"/>
</testsuite> <!-- Xml_Parallel.Supper_Calculator -->
