<?xml version="1.0" encoding="UTF-8"?>
<!-- Generated by org.testng.reporters.JUnitReportReporter -->
<testsuite skipped="0" hostname="PXTEST05" name="A81_CSV_To_DProvider.Calculator_DDT_ReadCsv_2" tests="4" failures="0" timestamp="19 Nov 2018 08:02:36 GMT" time="35.537" errors="0">
  <testcase name="TestCalcParamitarized" time="7.953" classname="A81_CSV_To_DProvider.Calculator_DDT_ReadCsv_2"/>
  <testcase name="TestCalcParamitarized" time="10.184" classname="A81_CSV_To_DProvider.Calculator_DDT_ReadCsv_2"/>
  <testcase name="TestCalcParamitarized" time="8.712" classname="A81_CSV_To_DProvider.Calculator_DDT_ReadCsv_2"/>
  <testcase name="TestCalcParamitarized" time="8.688" classname="A81_CSV_To_DProvider.Calculator_DDT_ReadCsv_2"/>
</testsuite> <!-- A81_CSV_To_DProvider.Calculator_DDT_ReadCsv_2 -->
