<?xml version="1.0" encoding="UTF-8"?>
<!-- Generated by org.testng.reporters.JUnitReportReporter -->
<testsuite skipped="0" hostname="DESKTOP-8D7OLCP" name="UploadFile.Upload_file" tests="1" failures="0" timestamp="03 Jan 2019 18:32:14 GMT" time="17.745" errors="0">
  <testcase name="uploadFile" time="17.745" classname="UploadFile.Upload_file"/>
</testsuite> <!-- UploadFile.Upload_file -->
