<?xml version="1.0" encoding="UTF-8"?>
<!-- Generated by org.testng.reporters.JUnitReportReporter -->
<testsuite skipped="0" hostname="DESKTOP-1TGL11O" name="A3_FindElement.A3_7_Assert_TableValues" tests="1" failures="0" timestamp="12 Apr 2018 04:21:57 GMT" time="9.636" errors="0">
  <testcase name="GetAndPrint_TableValues" time="9.636" classname="A3_FindElement.A3_7_Assert_TableValues"/>
</testsuite> <!-- A3_FindElement.A3_7_Assert_TableValues -->
