<?xml version="1.0" encoding="UTF-8"?>
<!-- Generated by org.testng.reporters.JUnitReportReporter -->
<testsuite skipped="0" hostname="DESKTOP-1TGL11O" name="TestNG.Calculator_DDT" tests="4" failures="0" timestamp="03 Mar 2018 17:05:50 GMT" time="55.495" errors="0">
  <testcase name="TestCalcParamitarized" time="13.794" classname="TestNG.Calculator_DDT"/>
  <testcase name="TestCalcParamitarized" time="13.643" classname="TestNG.Calculator_DDT"/>
  <testcase name="TestCalcParamitarized" time="15.415" classname="TestNG.Calculator_DDT"/>
  <testcase name="TestCalcParamitarized" time="12.643" classname="TestNG.Calculator_DDT"/>
</testsuite> <!-- TestNG.Calculator_DDT -->
