<?xml version="1.0" encoding="UTF-8"?>
<!-- Generated by org.testng.reporters.JUnitReportReporter -->
<testsuite skipped="0" hostname="DESKTOP-1TGL11O" name="Day_4.Supper_Calculator" tests="4" failures="0" timestamp="18 Mar 2018 19:33:22 GMT" time="49.869" errors="0">
  <testcase name="DeviationOperator" time="11.786" classname="Day_4.Supper_Calculator"/>
  <testcase name="PlusOperator" time="13.143" classname="Day_4.Supper_Calculator"/>
  <testcase name="multiplyOperator" time="12.017" classname="Day_4.Supper_Calculator"/>
  <testcase name="MinusOperator" time="12.923" classname="Day_4.Supper_Calculator"/>
</testsuite> <!-- Day_4.Supper_Calculator -->
