<?xml version="1.0" encoding="UTF-8"?>
<!-- Generated by org.testng.reporters.JUnitReportReporter -->
<testsuite skipped="0" hostname="DESKTOP-1TGL11O" name="TestNG.ScreenShots" tests="1" failures="0" timestamp="12 Mar 2018 23:14:43 GMT" time="10.455" errors="0">
  <testcase name="testCalc01" time="10.455" classname="TestNG.ScreenShots"/>
</testsuite> <!-- TestNG.ScreenShots -->
