<?xml version="1.0" encoding="UTF-8"?>
<!-- Generated by org.testng.reporters.JUnitReportReporter -->
<testsuite skipped="0" hostname="DESKTOP-1TGL11O" name="A2_TestNG.A7_Multiple_Select" tests="1" failures="0" timestamp="31 Mar 2018 15:51:54 GMT" time="13.927" errors="0">
  <testcase name="Multiselect" time="13.927" classname="A2_TestNG.A7_Multiple_Select"/>
</testsuite> <!-- A2_TestNG.A7_Multiple_Select -->
