<?xml version="1.0" encoding="UTF-8"?>
<!-- Generated by org.testng.reporters.JUnitReportReporter -->
<testsuite skipped="0" hostname="DESKTOP-1TGL11O" name="Xml_Send_Parameters.Calculator" tests="1" failures="0" timestamp="18 Mar 2018 19:49:25 GMT" time="14.796" errors="0">
  <testcase name="PlusOperator" time="14.796" classname="Xml_Send_Parameters.Calculator"/>
</testsuite> <!-- Xml_Send_Parameters.Calculator -->
