<?xml version="1.0" encoding="UTF-8"?>
<!-- Generated by org.testng.reporters.JUnitReportReporter -->
<testsuite skipped="0" hostname="DESKTOP-1TGL11O" name="WebDriver.WebDriverConfiguration" tests="1" failures="0" timestamp="28 Mar 2018 20:28:33 GMT" time="20.511" errors="0">
  <testcase name="Login" time="20.511" classname="WebDriver.WebDriverConfiguration"/>
</testsuite> <!-- WebDriver.WebDriverConfiguration -->
