<?xml version="1.0" encoding="UTF-8"?>
<!-- Generated by org.testng.reporters.JUnitReportReporter -->
<testsuite skipped="0" hostname="PXTEST-007" name="Wait.Supper_Calculator______utils_Wait" tests="1" failures="0" timestamp="01 Jan 2020 09:27:15 GMT" time="6.845" errors="0">
  <testcase name="PlusOperator" time="6.845" classname="Wait.Supper_Calculator______utils_Wait"/>
</testsuite> <!-- Wait.Supper_Calculator______utils_Wait -->
