<?xml version="1.0" encoding="UTF-8"?>
<!-- Generated by org.testng.reporters.JUnitReportReporter -->
<testsuite skipped="0" hostname="tokhi-pc" name="DataProvider_BasedOnTestCaseName____FromHome.data_provider_using____ExcelUtils" tests="3" failures="0" timestamp="02 Jul 2019 09:40:04 GMT" time="40.771" errors="0">
  <testcase name="data_provider_run" time="22.182" classname="DataProvider_BasedOnTestCaseName____FromHome.data_provider_using____ExcelUtils"/>
  <testcase name="data_provider_run" time="7.486" classname="DataProvider_BasedOnTestCaseName____FromHome.data_provider_using____ExcelUtils"/>
  <testcase name="data_provider_run" time="11.103" classname="DataProvider_BasedOnTestCaseName____FromHome.data_provider_using____ExcelUtils"/>
</testsuite> <!-- DataProvider_BasedOnTestCaseName____FromHome.data_provider_using____ExcelUtils -->
