<?xml version="1.0" encoding="UTF-8"?>
<!-- Generated by org.testng.reporters.JUnitReportReporter -->
<testsuite skipped="0" hostname="DESKTOP-1TGL11O" name="A7_POM.A7_3_Run_TestCase_ForPOM" tests="1" failures="0" timestamp="20 Apr 2018 14:55:04 GMT" time="26.747" errors="0">
  <testcase name="Login_Add_newPost" time="26.747" classname="A7_POM.A7_3_Run_TestCase_ForPOM"/>
</testsuite> <!-- A7_POM.A7_3_Run_TestCase_ForPOM -->
