<?xml version="1.0" encoding="UTF-8"?>
<!-- Generated by org.testng.reporters.JUnitReportReporter -->
<testsuite skipped="0" hostname="DESKTOP-8D7OLCP" name="DataProvider.testcase1" tests="1" failures="0" timestamp="29 Jan 2019 17:05:13 GMT" time="32.821" errors="0">
  <testcase name="testcase" time="32.821" classname="DataProvider.testcase1"/>
</testsuite> <!-- DataProvider.testcase1 -->
