<?xml version="1.0" encoding="UTF-8"?>
<!-- Generated by org.testng.reporters.JUnitReportReporter -->
<testsuite skipped="0" hostname="DESKTOP-8D7OLCP" name="ScreenShot_for_Web.Calculator_With_SpecificElement_ScreenCapture" tests="1" failures="0" timestamp="14 Jan 2019 17:21:37 GMT" time="9.142" errors="0">
  <testcase name="Calc" time="9.142" classname="ScreenShot_for_Web.Calculator_With_SpecificElement_ScreenCapture"/>
</testsuite> <!-- ScreenShot_for_Web.Calculator_With_SpecificElement_ScreenCapture -->
