<?xml version="1.0" encoding="UTF-8"?>
<!-- Generated by org.testng.reporters.JUnitReportReporter -->
<testsuite skipped="0" hostname="DESKTOP-1TGL11O" name="New_Window.NewWindowExamples" tests="1" failures="0" timestamp="27 Mar 2018 20:01:38 GMT" time="23.458" errors="0">
  <testcase name="verifySearchInNewWindow" time="23.458" classname="New_Window.NewWindowExamples"/>
</testsuite> <!-- New_Window.NewWindowExamples -->
