<?xml version="1.0" encoding="UTF-8"?>
<!-- Generated by org.testng.reporters.JUnitReportReporter -->
<testsuite skipped="0" hostname="DESKTOP-1TGL11O" name="A1_WebDriver.WebDriver_With_DefaultValue" tests="1" failures="0" timestamp="30 Mar 2018 19:13:29 GMT" time="21.814" errors="0">
  <testcase name="Login" time="21.814" classname="A1_WebDriver.WebDriver_With_DefaultValue"/>
</testsuite> <!-- A1_WebDriver.WebDriver_With_DefaultValue -->
