<?xml version="1.0" encoding="UTF-8"?>
<!-- Generated by org.testng.reporters.JUnitReportReporter -->
<testsuite skipped="0" hostname="PXTEST05" name="A82_CSV_To_DProvider_MMostafa.Calc_POM_OpenCSVDProvider" tests="5" failures="0" timestamp="19 Nov 2018 08:13:59 GMT" time="39.678" errors="0">
  <testcase name="testCalculatorParametrized" time="7.671" classname="A82_CSV_To_DProvider_MMostafa.Calc_POM_OpenCSVDProvider"/>
  <testcase name="testCalculatorParametrized" time="8.212" classname="A82_CSV_To_DProvider_MMostafa.Calc_POM_OpenCSVDProvider"/>
  <testcase name="testCalculatorParametrized" time="8.562" classname="A82_CSV_To_DProvider_MMostafa.Calc_POM_OpenCSVDProvider"/>
  <testcase name="testCalculatorParametrized" time="7.617" classname="A82_CSV_To_DProvider_MMostafa.Calc_POM_OpenCSVDProvider"/>
  <testcase name="testCalculatorParametrized" time="7.616" classname="A82_CSV_To_DProvider_MMostafa.Calc_POM_OpenCSVDProvider"/>
</testsuite> <!-- A82_CSV_To_DProvider_MMostafa.Calc_POM_OpenCSVDProvider -->
