<?xml version="1.0" encoding="UTF-8"?>
<!-- Generated by org.testng.reporters.JUnitReportReporter -->
<testsuite skipped="0" hostname="PXTEST05" name="Reading_Properties_File.A3_FaceBookLogin_______Utils_ReadProperities" tests="1" failures="0" timestamp="28 May 2018 09:34:51 GMT" time="16.379" errors="0">
  <testcase name="FaceBooklogin" time="16.379" classname="Reading_Properties_File.A3_FaceBookLogin_______Utils_ReadProperities"/>
</testsuite> <!-- Reading_Properties_File.A3_FaceBookLogin_______Utils_ReadProperities -->
