<?xml version="1.0" encoding="UTF-8"?>
<!-- Generated by org.testng.reporters.JUnitReportReporter -->
<testsuite skipped="0" hostname="DESKTOP-1TGL11O" name="A1_WebDriver.SendParameterTo_WebDriver" tests="1" failures="0" timestamp="30 Mar 2018 19:07:36 GMT" time="21.019" errors="0">
  <testcase name="Login" time="21.019" classname="A1_WebDriver.SendParameterTo_WebDriver"/>
</testsuite> <!-- A1_WebDriver.SendParameterTo_WebDriver -->
