<?xml version="1.0" encoding="UTF-8"?>
<!-- Generated by org.testng.reporters.JUnitReportReporter -->
<testsuite skipped="0" hostname="DESKTOP-1TGL11O" name="Xml_Send_Parameters.Calculator_Para_Default_Value" tests="1" failures="0" timestamp="21 Apr 2018 21:08:28 GMT" time="71.132" errors="0">
  <testcase name="PlusOperator" time="71.132" classname="Xml_Send_Parameters.Calculator_Para_Default_Value"/>
</testsuite> <!-- Xml_Send_Parameters.Calculator_Para_Default_Value -->
