<?xml version="1.0" encoding="UTF-8"?>
<!-- Generated by org.testng.reporters.JUnitReportReporter -->
<testsuite skipped="0" hostname="DESKTOP-1TGL11O" name="Alert_Message.Alerts" tests="1" failures="0" timestamp="24 Mar 2018 14:58:18 GMT" time="18.838" errors="0">
  <testcase name="confirmAlert" time="18.838" classname="Alert_Message.Alerts"/>
</testsuite> <!-- Alert_Message.Alerts -->
