<?xml version="1.0" encoding="UTF-8"?>
<!-- Generated by org.testng.reporters.JUnitReportReporter -->
<testsuite skipped="0" hostname="DESKTOP-8D7OLCP" name="DataProvider.testcase2" tests="1" failures="0" timestamp="29 Jan 2019 17:08:06 GMT" time="44.477" errors="0">
  <testcase name="f" time="44.477" classname="DataProvider.testcase2"/>
</testsuite> <!-- DataProvider.testcase2 -->
