<?xml version="1.0" encoding="UTF-8"?>
<!-- Generated by org.testng.reporters.JUnitReportReporter -->
<testsuite skipped="0" hostname="DESKTOP-1TGL11O" name="A2_TestNG.A8_Multiple_Select" tests="1" failures="0" timestamp="31 Mar 2018 19:16:01 GMT" time="13.631" errors="0">
  <testcase name="Multiselect" time="13.631" classname="A2_TestNG.A8_Multiple_Select"/>
</testsuite> <!-- A2_TestNG.A8_Multiple_Select -->
