<?xml version="1.0" encoding="UTF-8"?>
<!-- Generated by org.testng.reporters.JUnitReportReporter -->
<testsuite skipped="0" hostname="DESKTOP-1TGL11O" name="ReadFromCsv.ReadCsv_And_Pass_ToDriver" tests="1" failures="0" timestamp="29 Apr 2018 21:13:14 GMT" time="17.258" errors="0">
  <testcase name="Read_CSV_File" time="17.258" classname="ReadFromCsv.ReadCsv_And_Pass_ToDriver"/>
</testsuite> <!-- ReadFromCsv.ReadCsv_And_Pass_ToDriver -->
