<?xml version="1.0" encoding="UTF-8"?>
<!-- Generated by org.testng.reporters.JUnitReportReporter -->
<testsuite skipped="0" hostname="DESKTOP-1TGL11O" name="A3_FindElement.A3_6_TableElement_" tests="1" failures="0" timestamp="09 Apr 2018 23:06:21 GMT" time="10.679" errors="0">
  <testcase name="Store_TableValues_InList" time="10.679" classname="A3_FindElement.A3_6_TableElement_"/>
</testsuite> <!-- A3_FindElement.A3_6_TableElement_ -->
