<?xml version="1.0" encoding="UTF-8"?>
<!-- Generated by org.testng.reporters.JUnitReportReporter -->
<testsuite skipped="0" hostname="DESKTOP-8D7OLCP" name="A5_1_Move_To.A5_1_1_Move_To_Alert_Message" tests="1" failures="0" timestamp="03 Jan 2019 17:46:27 GMT" time="10.633" errors="0">
  <testcase name="MoveToAlertMSG" time="10.633" classname="A5_1_Move_To.A5_1_1_Move_To_Alert_Message"/>
</testsuite> <!-- A5_1_Move_To.A5_1_1_Move_To_Alert_Message -->
