<?xml version="1.0" encoding="UTF-8"?>
<!-- Generated by org.testng.reporters.JUnitReportReporter -->
<testsuite skipped="0" hostname="DESKTOP-8D7OLCP" name="A5_1_Move_To.A5_1_2_web_based_pop_up_box" tests="1" failures="0" timestamp="03 Jan 2019 17:48:32 GMT" time="14.833" errors="0">
  <testcase name="web_based_pop_up_box" time="14.833" classname="A5_1_Move_To.A5_1_2_web_based_pop_up_box"/>
</testsuite> <!-- A5_1_Move_To.A5_1_2_web_based_pop_up_box -->
