<?xml version="1.0" encoding="UTF-8"?>
<!-- Generated by org.testng.reporters.JUnitReportReporter -->
<testsuite skipped="0" hostname="DESKTOP-1TGL11O" name="Run_By_CMD.DemoLoginUsingPOM" tests="1" failures="0" timestamp="03 Mar 2018 20:44:43 GMT" time="11.211" errors="0">
  <testcase name="testValidLogin" time="11.211" classname="Run_By_CMD.DemoLoginUsingPOM"/>
</testsuite> <!-- Run_By_CMD.DemoLoginUsingPOM -->
