<?xml version="1.0" encoding="UTF-8"?>
<!-- Generated by org.testng.reporters.JUnitReportReporter -->
<testsuite skipped="0" hostname="DESKTOP-1TGL11O" name="A5_Actions.ScrollAndMousOver" tests="1" failures="0" timestamp="04 Apr 2018 06:25:24 GMT" time="106.241" errors="0">
  <testcase name="Findxpath" time="106.241" classname="A5_Actions.ScrollAndMousOver"/>
</testsuite> <!-- A5_Actions.ScrollAndMousOver -->
