<?xml version="1.0" encoding="UTF-8"?>
<!-- Generated by org.testng.reporters.JUnitReportReporter -->
<testsuite skipped="0" hostname="DESKTOP-1TGL11O" name="A7_POM.SupperCalculator" tests="4" failures="0" timestamp="21 Apr 2018 16:47:28 GMT" time="47.168" errors="0">
  <testcase name="Plus_TestCase" time="11.346" classname="A7_POM.SupperCalculator"/>
  <testcase name="Multiply_TestCase" time="12.325" classname="A7_POM.SupperCalculator"/>
  <testcase name="minus_TestCase" time="12.029" classname="A7_POM.SupperCalculator"/>
  <testcase name="division_TestCase" time="11.468" classname="A7_POM.SupperCalculator"/>
</testsuite> <!-- A7_POM.SupperCalculator -->
