<?xml version="1.0" encoding="UTF-8"?>
<!-- Generated by org.testng.reporters.JUnitReportReporter -->
<testsuite skipped="0" hostname="DESKTOP-1TGL11O" name="ScrollTo.ScrollToElement" tests="1" failures="0" timestamp="04 Apr 2018 04:43:17 GMT" time="11.280" errors="0">
  <testcase name="Findxpath" time="11.280" classname="ScrollTo.ScrollToElement"/>
</testsuite> <!-- ScrollTo.ScrollToElement -->
