<?xml version="1.0" encoding="UTF-8"?>
<!-- Generated by org.testng.reporters.JUnitReportReporter -->
<testsuite skipped="0" hostname="DESKTOP-1TGL11O" name="A9_Xml_By_Group.TestNGIntro" tests="2" failures="0" timestamp="21 Apr 2018 23:25:02 GMT" time="0.010" errors="0">
  <testcase name="testcase2" time="0.004" classname="A9_Xml_By_Group.TestNGIntro"/>
  <testcase name="testcase1" time="0.006" classname="A9_Xml_By_Group.TestNGIntro"/>
</testsuite> <!-- A9_Xml_By_Group.TestNGIntro -->
