<?xml version="1.0" encoding="UTF-8"?>
<!-- Generated by org.testng.reporters.JUnitReportReporter -->
<testsuite skipped="0" hostname="DESKTOP-1TGL11O" name="Xml_By_Group.Supper_Calculator" tests="2" failures="0" timestamp="18 Mar 2018 19:18:04 GMT" time="26.269" errors="0">
  <testcase name="DeviationOperator" time="9.733" classname="Xml_By_Group.Supper_Calculator"/>
  <testcase name="PlusOperator" time="16.536" classname="Xml_By_Group.Supper_Calculator"/>
</testsuite> <!-- Xml_By_Group.Supper_Calculator -->
