<?xml version="1.0" encoding="UTF-8"?>
<!-- Generated by org.testng.reporters.JUnitReportReporter -->
<testsuite skipped="0" hostname="DESKTOP-8D7OLCP" name="ScreenShot_for_Web.ScreenShot_function_____ByH" tests="1" failures="0" timestamp="15 Jan 2019 12:15:52 GMT" time="59.172" errors="0">
  <testcase name="ScreenShot_run" time="59.172" classname="ScreenShot_for_Web.ScreenShot_function_____ByH"/>
</testsuite> <!-- ScreenShot_for_Web.ScreenShot_function_____ByH -->
