<?xml version="1.0" encoding="UTF-8"?>
<!-- Generated by org.testng.reporters.JUnitReportReporter -->
<testsuite skipped="0" hostname="DESKTOP-8D7OLCP" name="A5_ScrollTo_Using_JS.ScrollByPixels" tests="1" failures="0" timestamp="03 Jan 2019 17:54:47 GMT" time="9.812" errors="0">
  <testcase name="Scroll2Pixels" time="9.812" classname="A5_ScrollTo_Using_JS.ScrollByPixels"/>
</testsuite> <!-- A5_ScrollTo_Using_JS.ScrollByPixels -->
