<?xml version="1.0" encoding="UTF-8"?>
<!-- Generated by org.testng.reporters.JUnitReportReporter -->
<testsuite skipped="0" hostname="DESKTOP-1TGL11O" name="A2_TestNG.A2_8_TableElement_Practice" tests="1" failures="0" timestamp="08 Apr 2018 22:57:44 GMT" time="11.190" errors="0">
  <testcase name="Exercise_2" time="11.190" classname="A2_TestNG.A2_8_TableElement_Practice"/>
</testsuite> <!-- A2_TestNG.A2_8_TableElement_Practice -->
